<?xml version="1.0" encoding="UTF-8"?>
<!-- Generated by org.testng.reporters.JUnitReportReporter -->
<testsuite skipped="0" hostname="LAPTOP-0ITV3PT0" name="testcases.TC_001" tests="1" failures="0" timestamp="2020-08-05T13:37:24 IST" time="7.468" errors="0">
  <testcase name="testcase1" time="7.468" classname="testcases.TC_001"/>
  <system-out/>
</testsuite> <!-- testcases.TC_001 -->
